<?xml version="1.0" encoding="UTF-8"?>
<!-- Generated by org.testng.reporters.JUnitReportReporter -->
<testsuite hostname="DESKTOP-N3LRL61" failures="0" tests="6" name="Com.QA.test.CheckOutPageTest" time="22.993" errors="4" timestamp="2023-10-27T15:19:28 IST" skipped="0">
  <testcase classname="Com.QA.test.CheckOutPageTest" name="Checkout_Page_TitleTest" time="0.024"/>
  <system-out/>
  <testcase classname="Com.QA.test.CheckOutPageTest" name="Checkout_Page_UrlTest" time="0.003"/>
  <system-out/>
  <testcase classname="Com.QA.test.CheckOutPageTest" name="Checkout_Page_EstimateShipping_Test" time="22.950">
    <error message="Error {
  message=&#039;Target closed
=========================== logs ===========================
waiting for selector &quot;input#ZipPostalCode&quot;
============================================================
  name=&#039;Error
  stack=&#039;Error: Target closed
=========================== logs ===========================
waiting for selector &quot;input#ZipPostalCode&quot;
============================================================
    at C:\Users\HP\AppData\Local\Temp\playwright-java-16906651620572142912\package\lib\server\chromium\crConnection.js:206:16
    at new Promise (&lt;anonymous&gt;)
    at CRSession.send (C:\Users\HP\AppData\Local\Temp\playwright-java-16906651620572142912\package\lib\server\chromium\crConnection.js:202:12)
    at CRExecutionContext.evaluateWithArguments (C:\Users\HP\AppData\Local\Temp\playwright-java-16906651620572142912\package\lib\server\chromium\crExecutionContext.js:89:28)
    at FrameExecutionContext.evaluateWithArguments (C:\Users\HP\AppData\Local\Temp\playwright-java-16906651620572142912\package\lib\server\javascript.js:73:61)
    at evaluateExpression (C:\Users\HP\AppData\Local\Temp\playwright-java-16906651620572142912\package\lib\server\javascript.js:264:26)
    at async InjectedScriptPollHandler.finishHandle (C:\Users\HP\AppData\Local\Temp\playwright-java-16906651620572142912\package\lib\server\dom.js:1031:22)
    at async RerunnableTask.rerun (C:\Users\HP\AppData\Local\Temp\playwright-java-16906651620572142912\package\lib\server\frames.js:1878:73)
}" type="com.microsoft.playwright.PlaywrightException">
      <![CDATA[com.microsoft.playwright.PlaywrightException: Error {
  message='Target closed
=========================== logs ===========================
waiting for selector "input#ZipPostalCode"
============================================================
  name='Error
  stack='Error: Target closed
=========================== logs ===========================
waiting for selector "input#ZipPostalCode"
============================================================
    at C:\Users\HP\AppData\Local\Temp\playwright-java-16906651620572142912\package\lib\server\chromium\crConnection.js:206:16
    at new Promise (<anonymous>)
    at CRSession.send (C:\Users\HP\AppData\Local\Temp\playwright-java-16906651620572142912\package\lib\server\chromium\crConnection.js:202:12)
    at CRExecutionContext.evaluateWithArguments (C:\Users\HP\AppData\Local\Temp\playwright-java-16906651620572142912\package\lib\server\chromium\crExecutionContext.js:89:28)
    at FrameExecutionContext.evaluateWithArguments (C:\Users\HP\AppData\Local\Temp\playwright-java-16906651620572142912\package\lib\server\javascript.js:73:61)
    at evaluateExpression (C:\Users\HP\AppData\Local\Temp\playwright-java-16906651620572142912\package\lib\server\javascript.js:264:26)
    at async InjectedScriptPollHandler.finishHandle (C:\Users\HP\AppData\Local\Temp\playwright-java-16906651620572142912\package\lib\server\dom.js:1031:22)
    at async RerunnableTask.rerun (C:\Users\HP\AppData\Local\Temp\playwright-java-16906651620572142912\package\lib\server\frames.js:1878:73)
}
at com.microsoft.playwright.impl.WaitableResult.get(WaitableResult.java:54)
at com.microsoft.playwright.impl.ChannelOwner.runUntil(ChannelOwner.java:109)
at com.microsoft.playwright.impl.Connection.sendMessage(Connection.java:108)
at com.microsoft.playwright.impl.ChannelOwner.sendMessage(ChannelOwner.java:100)
at com.microsoft.playwright.impl.FrameImpl.fillImpl(FrameImpl.java:338)
at com.microsoft.playwright.impl.FrameImpl.lambda$fill$15(FrameImpl.java:328)
at com.microsoft.playwright.impl.LoggingSupport.lambda$withLogging$0(LoggingSupport.java:36)
at com.microsoft.playwright.impl.LoggingSupport.withLogging(LoggingSupport.java:47)
at com.microsoft.playwright.impl.ChannelOwner.withLogging(ChannelOwner.java:85)
at com.microsoft.playwright.impl.LoggingSupport.withLogging(LoggingSupport.java:35)
at com.microsoft.playwright.impl.FrameImpl.fill(FrameImpl.java:328)
at com.microsoft.playwright.impl.LocatorImpl.fill(LocatorImpl.java:203)
at com.microsoft.playwright.Locator.fill(Locator.java:2108)
at Com.QA.Pages.CheckoutPage.VerifyEstimateShippingInformation(CheckoutPage.java:58)
at Com.QA.test.CheckOutPageTest.Checkout_Page_EstimateShipping_Test(CheckOutPageTest.java:26)
at java.base/jdk.internal.reflect.NativeMethodAccessorImpl.invoke0(Native Method)
at java.base/jdk.internal.reflect.NativeMethodAccessorImpl.invoke(NativeMethodAccessorImpl.java:77)
at java.base/jdk.internal.reflect.DelegatingMethodAccessorImpl.invoke(DelegatingMethodAccessorImpl.java:43)
at java.base/java.lang.reflect.Method.invoke(Method.java:568)
at org.testng.internal.MethodInvocationHelper.invokeMethod(MethodInvocationHelper.java:133)
at org.testng.internal.TestInvoker.invokeMethod(TestInvoker.java:598)
at org.testng.internal.TestInvoker.invokeTestMethod(TestInvoker.java:173)
at org.testng.internal.MethodRunner.runInSequence(MethodRunner.java:46)
at org.testng.internal.TestInvoker$MethodInvocationAgent.invoke(TestInvoker.java:824)
at org.testng.internal.TestInvoker.invokeTestMethods(TestInvoker.java:146)
at org.testng.internal.TestMethodWorker.invokeTestMethods(TestMethodWorker.java:146)
at org.testng.internal.TestMethodWorker.run(TestMethodWorker.java:128)
at java.base/java.util.ArrayList.forEach(ArrayList.java:1511)
at org.testng.TestRunner.privateRun(TestRunner.java:794)
at org.testng.TestRunner.run(TestRunner.java:596)
at org.testng.SuiteRunner.runTest(SuiteRunner.java:377)
at org.testng.SuiteRunner.runSequentially(SuiteRunner.java:371)
at org.testng.SuiteRunner.privateRun(SuiteRunner.java:332)
at org.testng.SuiteRunner.run(SuiteRunner.java:276)
at org.testng.SuiteRunnerWorker.runSuite(SuiteRunnerWorker.java:53)
at org.testng.SuiteRunnerWorker.run(SuiteRunnerWorker.java:96)
at org.testng.TestNG.runSuitesSequentially(TestNG.java:1212)
at org.testng.TestNG.runSuitesLocally(TestNG.java:1134)
at org.testng.TestNG.runSuites(TestNG.java:1063)
at org.testng.TestNG.run(TestNG.java:1031)
at org.testng.remote.AbstractRemoteTestNG.run(AbstractRemoteTestNG.java:115)
at org.testng.remote.RemoteTestNG.initAndRun(RemoteTestNG.java:251)
at org.testng.remote.RemoteTestNG.main(RemoteTestNG.java:77)
Caused by: com.microsoft.playwright.impl.DriverException: Error {
  message='Target closed
=========================== logs ===========================
waiting for selector "input#ZipPostalCode"
============================================================
  name='Error
  stack='Error: Target closed
=========================== logs ===========================
waiting for selector "input#ZipPostalCode"
============================================================
    at C:\Users\HP\AppData\Local\Temp\playwright-java-16906651620572142912\package\lib\server\chromium\crConnection.js:206:16
    at new Promise (<anonymous>)
    at CRSession.send (C:\Users\HP\AppData\Local\Temp\playwright-java-16906651620572142912\package\lib\server\chromium\crConnection.js:202:12)
    at CRExecutionContext.evaluateWithArguments (C:\Users\HP\AppData\Local\Temp\playwright-java-16906651620572142912\package\lib\server\chromium\crExecutionContext.js:89:28)
    at FrameExecutionContext.evaluateWithArguments (C:\Users\HP\AppData\Local\Temp\playwright-java-16906651620572142912\package\lib\server\javascript.js:73:61)
    at evaluateExpression (C:\Users\HP\AppData\Local\Temp\playwright-java-16906651620572142912\package\lib\server\javascript.js:264:26)
    at async InjectedScriptPollHandler.finishHandle (C:\Users\HP\AppData\Local\Temp\playwright-java-16906651620572142912\package\lib\server\dom.js:1031:22)
    at async RerunnableTask.rerun (C:\Users\HP\AppData\Local\Temp\playwright-java-16906651620572142912\package\lib\server\frames.js:1878:73)
}
at com.microsoft.playwright.impl.Connection.dispatch(Connection.java:190)
at com.microsoft.playwright.impl.Connection.processOneMessage(Connection.java:170)
at com.microsoft.playwright.impl.ChannelOwner.runUntil(ChannelOwner.java:107)
... 41 more
]]>
    </error>
  </testcase> <!-- Checkout_Page_EstimateShipping_Test -->
  <system-out/>
  <testcase classname="Com.QA.test.CheckOutPageTest" name="Checkout_Page_Product_Price_Test" time="0.011">
    <error message="Error {
  message=&#039;Target page, context or browser has been closed
  name=&#039;Error
  stack=&#039;Error: Target page, context or browser has been closed
    at DispatcherConnection.dispatch (C:\Users\HP\AppData\Local\Temp\playwright-java-16906651620572142912\package\lib\server\dispatchers\dispatcher.js:296:49)
    at PipeTransport.transport.onmessage (C:\Users\HP\AppData\Local\Temp\playwright-java-16906651620572142912\package\lib\cli\driver.js:67:57)
    at Immediate._onImmediate (C:\Users\HP\AppData\Local\Temp\playwright-java-16906651620572142912\package\lib\protocol\transport.js:89:34)
    at processImmediate (node:internal/timers:466:21)
}" type="com.microsoft.playwright.PlaywrightException">
      <![CDATA[com.microsoft.playwright.PlaywrightException: Error {
  message='Target page, context or browser has been closed
  name='Error
  stack='Error: Target page, context or browser has been closed
    at DispatcherConnection.dispatch (C:\Users\HP\AppData\Local\Temp\playwright-java-16906651620572142912\package\lib\server\dispatchers\dispatcher.js:296:49)
    at PipeTransport.transport.onmessage (C:\Users\HP\AppData\Local\Temp\playwright-java-16906651620572142912\package\lib\cli\driver.js:67:57)
    at Immediate._onImmediate (C:\Users\HP\AppData\Local\Temp\playwright-java-16906651620572142912\package\lib\protocol\transport.js:89:34)
    at processImmediate (node:internal/timers:466:21)
}
at com.microsoft.playwright.impl.WaitableResult.get(WaitableResult.java:54)
at com.microsoft.playwright.impl.ChannelOwner.runUntil(ChannelOwner.java:109)
at com.microsoft.playwright.impl.Connection.sendMessage(Connection.java:108)
at com.microsoft.playwright.impl.ChannelOwner.sendMessage(ChannelOwner.java:100)
at com.microsoft.playwright.impl.FrameImpl.evalOnSelectorAllImpl(FrameImpl.java:168)
at com.microsoft.playwright.impl.FrameImpl.lambda$evalOnSelectorAll$5(FrameImpl.java:160)
at com.microsoft.playwright.impl.LoggingSupport.withLogging(LoggingSupport.java:47)
at com.microsoft.playwright.impl.ChannelOwner.withLogging(ChannelOwner.java:85)
at com.microsoft.playwright.impl.FrameImpl.evalOnSelectorAll(FrameImpl.java:160)
at com.microsoft.playwright.Frame.evalOnSelectorAll(Frame.java:2501)
at com.microsoft.playwright.impl.LocatorImpl.allInnerTexts(LocatorImpl.java:107)
at Com.QA.Pages.CheckoutPage.verifyProductPrice(CheckoutPage.java:81)
at Com.QA.test.CheckOutPageTest.Checkout_Page_Product_Price_Test(CheckOutPageTest.java:32)
at java.base/jdk.internal.reflect.NativeMethodAccessorImpl.invoke0(Native Method)
at java.base/jdk.internal.reflect.NativeMethodAccessorImpl.invoke(NativeMethodAccessorImpl.java:77)
at java.base/jdk.internal.reflect.DelegatingMethodAccessorImpl.invoke(DelegatingMethodAccessorImpl.java:43)
at java.base/java.lang.reflect.Method.invoke(Method.java:568)
at org.testng.internal.MethodInvocationHelper.invokeMethod(MethodInvocationHelper.java:133)
at org.testng.internal.TestInvoker.invokeMethod(TestInvoker.java:598)
at org.testng.internal.TestInvoker.invokeTestMethod(TestInvoker.java:173)
at org.testng.internal.MethodRunner.runInSequence(MethodRunner.java:46)
at org.testng.internal.TestInvoker$MethodInvocationAgent.invoke(TestInvoker.java:824)
at org.testng.internal.TestInvoker.invokeTestMethods(TestInvoker.java:146)
at org.testng.internal.TestMethodWorker.invokeTestMethods(TestMethodWorker.java:146)
at org.testng.internal.TestMethodWorker.run(TestMethodWorker.java:128)
at java.base/java.util.ArrayList.forEach(ArrayList.java:1511)
at org.testng.TestRunner.privateRun(TestRunner.java:794)
at org.testng.TestRunner.run(TestRunner.java:596)
at org.testng.SuiteRunner.runTest(SuiteRunner.java:377)
at org.testng.SuiteRunner.runSequentially(SuiteRunner.java:371)
at org.testng.SuiteRunner.privateRun(SuiteRunner.java:332)
at org.testng.SuiteRunner.run(SuiteRunner.java:276)
at org.testng.SuiteRunnerWorker.runSuite(SuiteRunnerWorker.java:53)
at org.testng.SuiteRunnerWorker.run(SuiteRunnerWorker.java:96)
at org.testng.TestNG.runSuitesSequentially(TestNG.java:1212)
at org.testng.TestNG.runSuitesLocally(TestNG.java:1134)
at org.testng.TestNG.runSuites(TestNG.java:1063)
at org.testng.TestNG.run(TestNG.java:1031)
at org.testng.remote.AbstractRemoteTestNG.run(AbstractRemoteTestNG.java:115)
at org.testng.remote.RemoteTestNG.initAndRun(RemoteTestNG.java:251)
at org.testng.remote.RemoteTestNG.main(RemoteTestNG.java:77)
Caused by: com.microsoft.playwright.impl.DriverException: Error {
  message='Target page, context or browser has been closed
  name='Error
  stack='Error: Target page, context or browser has been closed
    at DispatcherConnection.dispatch (C:\Users\HP\AppData\Local\Temp\playwright-java-16906651620572142912\package\lib\server\dispatchers\dispatcher.js:296:49)
    at PipeTransport.transport.onmessage (C:\Users\HP\AppData\Local\Temp\playwright-java-16906651620572142912\package\lib\cli\driver.js:67:57)
    at Immediate._onImmediate (C:\Users\HP\AppData\Local\Temp\playwright-java-16906651620572142912\package\lib\protocol\transport.js:89:34)
    at processImmediate (node:internal/timers:466:21)
}
at com.microsoft.playwright.impl.Connection.dispatch(Connection.java:190)
at com.microsoft.playwright.impl.Connection.processOneMessage(Connection.java:170)
at com.microsoft.playwright.impl.ChannelOwner.runUntil(ChannelOwner.java:107)
... 39 more
]]>
    </error>
  </testcase> <!-- Checkout_Page_Product_Price_Test -->
  <system-out/>
  <testcase classname="Com.QA.test.CheckOutPageTest" name="Checkout_Page_Product_InCart_Test" time="0.002">
    <error message="Error {
  message=&#039;Target page, context or browser has been closed
  name=&#039;Error
  stack=&#039;Error: Target page, context or browser has been closed
    at DispatcherConnection.dispatch (C:\Users\HP\AppData\Local\Temp\playwright-java-16906651620572142912\package\lib\server\dispatchers\dispatcher.js:296:49)
    at PipeTransport.transport.onmessage (C:\Users\HP\AppData\Local\Temp\playwright-java-16906651620572142912\package\lib\cli\driver.js:67:57)
    at Immediate._onImmediate (C:\Users\HP\AppData\Local\Temp\playwright-java-16906651620572142912\package\lib\protocol\transport.js:89:34)
    at processImmediate (node:internal/timers:466:21)
}" type="com.microsoft.playwright.PlaywrightException">
      <![CDATA[com.microsoft.playwright.PlaywrightException: Error {
  message='Target page, context or browser has been closed
  name='Error
  stack='Error: Target page, context or browser has been closed
    at DispatcherConnection.dispatch (C:\Users\HP\AppData\Local\Temp\playwright-java-16906651620572142912\package\lib\server\dispatchers\dispatcher.js:296:49)
    at PipeTransport.transport.onmessage (C:\Users\HP\AppData\Local\Temp\playwright-java-16906651620572142912\package\lib\cli\driver.js:67:57)
    at Immediate._onImmediate (C:\Users\HP\AppData\Local\Temp\playwright-java-16906651620572142912\package\lib\protocol\transport.js:89:34)
    at processImmediate (node:internal/timers:466:21)
}
at com.microsoft.playwright.impl.WaitableResult.get(WaitableResult.java:54)
at com.microsoft.playwright.impl.ChannelOwner.runUntil(ChannelOwner.java:109)
at com.microsoft.playwright.impl.Connection.sendMessage(Connection.java:108)
at com.microsoft.playwright.impl.ChannelOwner.sendMessage(ChannelOwner.java:100)
at com.microsoft.playwright.impl.FrameImpl.isVisibleImpl(FrameImpl.java:579)
at com.microsoft.playwright.impl.FrameImpl.lambda$isVisible$30(FrameImpl.java:565)
at com.microsoft.playwright.impl.LoggingSupport.withLogging(LoggingSupport.java:47)
at com.microsoft.playwright.impl.ChannelOwner.withLogging(ChannelOwner.java:85)
at com.microsoft.playwright.impl.FrameImpl.isVisible(FrameImpl.java:565)
at com.microsoft.playwright.impl.LocatorImpl.isVisible(LocatorImpl.java:319)
at com.microsoft.playwright.Locator.isVisible(Locator.java:2332)
at Com.QA.Pages.CheckoutPage.VerifyProductInCart(CheckoutPage.java:89)
at Com.QA.test.CheckOutPageTest.Checkout_Page_Product_InCart_Test(CheckOutPageTest.java:41)
at java.base/jdk.internal.reflect.NativeMethodAccessorImpl.invoke0(Native Method)
at java.base/jdk.internal.reflect.NativeMethodAccessorImpl.invoke(NativeMethodAccessorImpl.java:77)
at java.base/jdk.internal.reflect.DelegatingMethodAccessorImpl.invoke(DelegatingMethodAccessorImpl.java:43)
at java.base/java.lang.reflect.Method.invoke(Method.java:568)
at org.testng.internal.MethodInvocationHelper.invokeMethod(MethodInvocationHelper.java:133)
at org.testng.internal.TestInvoker.invokeMethod(TestInvoker.java:598)
at org.testng.internal.TestInvoker.invokeTestMethod(TestInvoker.java:173)
at org.testng.internal.MethodRunner.runInSequence(MethodRunner.java:46)
at org.testng.internal.TestInvoker$MethodInvocationAgent.invoke(TestInvoker.java:824)
at org.testng.internal.TestInvoker.invokeTestMethods(TestInvoker.java:146)
at org.testng.internal.TestMethodWorker.invokeTestMethods(TestMethodWorker.java:146)
at org.testng.internal.TestMethodWorker.run(TestMethodWorker.java:128)
at java.base/java.util.ArrayList.forEach(ArrayList.java:1511)
at org.testng.TestRunner.privateRun(TestRunner.java:794)
at org.testng.TestRunner.run(TestRunner.java:596)
at org.testng.SuiteRunner.runTest(SuiteRunner.java:377)
at org.testng.SuiteRunner.runSequentially(SuiteRunner.java:371)
at org.testng.SuiteRunner.privateRun(SuiteRunner.java:332)
at org.testng.SuiteRunner.run(SuiteRunner.java:276)
at org.testng.SuiteRunnerWorker.runSuite(SuiteRunnerWorker.java:53)
at org.testng.SuiteRunnerWorker.run(SuiteRunnerWorker.java:96)
at org.testng.TestNG.runSuitesSequentially(TestNG.java:1212)
at org.testng.TestNG.runSuitesLocally(TestNG.java:1134)
at org.testng.TestNG.runSuites(TestNG.java:1063)
at org.testng.TestNG.run(TestNG.java:1031)
at org.testng.remote.AbstractRemoteTestNG.run(AbstractRemoteTestNG.java:115)
at org.testng.remote.RemoteTestNG.initAndRun(RemoteTestNG.java:251)
at org.testng.remote.RemoteTestNG.main(RemoteTestNG.java:77)
Caused by: com.microsoft.playwright.impl.DriverException: Error {
  message='Target page, context or browser has been closed
  name='Error
  stack='Error: Target page, context or browser has been closed
    at DispatcherConnection.dispatch (C:\Users\HP\AppData\Local\Temp\playwright-java-16906651620572142912\package\lib\server\dispatchers\dispatcher.js:296:49)
    at PipeTransport.transport.onmessage (C:\Users\HP\AppData\Local\Temp\playwright-java-16906651620572142912\package\lib\cli\driver.js:67:57)
    at Immediate._onImmediate (C:\Users\HP\AppData\Local\Temp\playwright-java-16906651620572142912\package\lib\protocol\transport.js:89:34)
    at processImmediate (node:internal/timers:466:21)
}
at com.microsoft.playwright.impl.Connection.dispatch(Connection.java:190)
at com.microsoft.playwright.impl.Connection.processOneMessage(Connection.java:170)
at com.microsoft.playwright.impl.ChannelOwner.runUntil(ChannelOwner.java:107)
... 39 more
]]>
    </error>
  </testcase> <!-- Checkout_Page_Product_InCart_Test -->
  <system-out/>
  <testcase classname="Com.QA.test.CheckOutPageTest" name="Checkout_Page_Checkout_Click_Test" time="0.003">
    <error message="Error {
  message=&#039;Target page, context or browser has been closed
  name=&#039;Error
  stack=&#039;Error: Target page, context or browser has been closed
    at DispatcherConnection.dispatch (C:\Users\HP\AppData\Local\Temp\playwright-java-16906651620572142912\package\lib\server\dispatchers\dispatcher.js:296:49)
    at PipeTransport.transport.onmessage (C:\Users\HP\AppData\Local\Temp\playwright-java-16906651620572142912\package\lib\cli\driver.js:67:57)
    at Immediate._onImmediate (C:\Users\HP\AppData\Local\Temp\playwright-java-16906651620572142912\package\lib\protocol\transport.js:89:34)
    at processImmediate (node:internal/timers:466:21)
}" type="com.microsoft.playwright.PlaywrightException">
      <![CDATA[com.microsoft.playwright.PlaywrightException: Error {
  message='Target page, context or browser has been closed
  name='Error
  stack='Error: Target page, context or browser has been closed
    at DispatcherConnection.dispatch (C:\Users\HP\AppData\Local\Temp\playwright-java-16906651620572142912\package\lib\server\dispatchers\dispatcher.js:296:49)
    at PipeTransport.transport.onmessage (C:\Users\HP\AppData\Local\Temp\playwright-java-16906651620572142912\package\lib\cli\driver.js:67:57)
    at Immediate._onImmediate (C:\Users\HP\AppData\Local\Temp\playwright-java-16906651620572142912\package\lib\protocol\transport.js:89:34)
    at processImmediate (node:internal/timers:466:21)
}
at com.microsoft.playwright.impl.WaitableResult.get(WaitableResult.java:54)
at com.microsoft.playwright.impl.ChannelOwner.runUntil(ChannelOwner.java:109)
at com.microsoft.playwright.impl.Connection.sendMessage(Connection.java:108)
at com.microsoft.playwright.impl.ChannelOwner.sendMessage(ChannelOwner.java:100)
at com.microsoft.playwright.impl.FrameImpl.clickImpl(FrameImpl.java:255)
at com.microsoft.playwright.impl.FrameImpl.lambda$click$9(FrameImpl.java:246)
at com.microsoft.playwright.impl.LoggingSupport.lambda$withLogging$0(LoggingSupport.java:36)
at com.microsoft.playwright.impl.LoggingSupport.withLogging(LoggingSupport.java:47)
at com.microsoft.playwright.impl.ChannelOwner.withLogging(ChannelOwner.java:85)
at com.microsoft.playwright.impl.LoggingSupport.withLogging(LoggingSupport.java:35)
at com.microsoft.playwright.impl.FrameImpl.click(FrameImpl.java:246)
at com.microsoft.playwright.impl.LocatorImpl.click(LocatorImpl.java:133)
at com.microsoft.playwright.Locator.click(Locator.java:1731)
at Com.QA.Pages.CheckoutPage.clickonCheckoutButton(CheckoutPage.java:99)
at Com.QA.test.CheckOutPageTest.Checkout_Page_Checkout_Click_Test(CheckOutPageTest.java:47)
at java.base/jdk.internal.reflect.NativeMethodAccessorImpl.invoke0(Native Method)
at java.base/jdk.internal.reflect.NativeMethodAccessorImpl.invoke(NativeMethodAccessorImpl.java:77)
at java.base/jdk.internal.reflect.DelegatingMethodAccessorImpl.invoke(DelegatingMethodAccessorImpl.java:43)
at java.base/java.lang.reflect.Method.invoke(Method.java:568)
at org.testng.internal.MethodInvocationHelper.invokeMethod(MethodInvocationHelper.java:133)
at org.testng.internal.TestInvoker.invokeMethod(TestInvoker.java:598)
at org.testng.internal.TestInvoker.invokeTestMethod(TestInvoker.java:173)
at org.testng.internal.MethodRunner.runInSequence(MethodRunner.java:46)
at org.testng.internal.TestInvoker$MethodInvocationAgent.invoke(TestInvoker.java:824)
at org.testng.internal.TestInvoker.invokeTestMethods(TestInvoker.java:146)
at org.testng.internal.TestMethodWorker.invokeTestMethods(TestMethodWorker.java:146)
at org.testng.internal.TestMethodWorker.run(TestMethodWorker.java:128)
at java.base/java.util.ArrayList.forEach(ArrayList.java:1511)
at org.testng.TestRunner.privateRun(TestRunner.java:794)
at org.testng.TestRunner.run(TestRunner.java:596)
at org.testng.SuiteRunner.runTest(SuiteRunner.java:377)
at org.testng.SuiteRunner.runSequentially(SuiteRunner.java:371)
at org.testng.SuiteRunner.privateRun(SuiteRunner.java:332)
at org.testng.SuiteRunner.run(SuiteRunner.java:276)
at org.testng.SuiteRunnerWorker.runSuite(SuiteRunnerWorker.java:53)
at org.testng.SuiteRunnerWorker.run(SuiteRunnerWorker.java:96)
at org.testng.TestNG.runSuitesSequentially(TestNG.java:1212)
at org.testng.TestNG.runSuitesLocally(TestNG.java:1134)
at org.testng.TestNG.runSuites(TestNG.java:1063)
at org.testng.TestNG.run(TestNG.java:1031)
at org.testng.remote.AbstractRemoteTestNG.run(AbstractRemoteTestNG.java:115)
at org.testng.remote.RemoteTestNG.initAndRun(RemoteTestNG.java:251)
at org.testng.remote.RemoteTestNG.main(RemoteTestNG.java:77)
Caused by: com.microsoft.playwright.impl.DriverException: Error {
  message='Target page, context or browser has been closed
  name='Error
  stack='Error: Target page, context or browser has been closed
    at DispatcherConnection.dispatch (C:\Users\HP\AppData\Local\Temp\playwright-java-16906651620572142912\package\lib\server\dispatchers\dispatcher.js:296:49)
    at PipeTransport.transport.onmessage (C:\Users\HP\AppData\Local\Temp\playwright-java-16906651620572142912\package\lib\cli\driver.js:67:57)
    at Immediate._onImmediate (C:\Users\HP\AppData\Local\Temp\playwright-java-16906651620572142912\package\lib\protocol\transport.js:89:34)
    at processImmediate (node:internal/timers:466:21)
}
at com.microsoft.playwright.impl.Connection.dispatch(Connection.java:190)
at com.microsoft.playwright.impl.Connection.processOneMessage(Connection.java:170)
at com.microsoft.playwright.impl.ChannelOwner.runUntil(ChannelOwner.java:107)
... 41 more
]]>
    </error>
  </testcase> <!-- Checkout_Page_Checkout_Click_Test -->
  <system-out/>
</testsuite> <!-- Com.QA.test.CheckOutPageTest -->
